<?xml version="1.0" encoding="UTF-8"?>
<?xml-stylesheet type="text/xsl" href="static/style.xsl"?>
<OAI-PMH xmlns="http://www.openarchives.org/OAI/2.0/" xmlns:xsi="http://www.w3.org/2001/XMLSchema-instance" xsi:schemaLocation="http://www.openarchives.org/OAI/2.0/ http://www.openarchives.org/OAI/2.0/OAI-PMH.xsd">
    <responseDate>2025-02-21T19:46:23Z</responseDate>
    <request verb="GetRecord" identifier="oai:biblioteca-repositorio.clacso.edu.ar:CLACSO/16936" metadataPrefix="oai_dc">https://biblioteca-repositorio.clacso.edu.ar/oai/request</request>
    <GetRecord>
        <record>
            <header>
                <identifier>oai:biblioteca-repositorio.clacso.edu.ar:CLACSO/16936</identifier>
                <datestamp>2022-04-12T15:25:07Z</datestamp>
                <setSpec>com_CLACSO_1</setSpec>
                <setSpec>col_CLACSO_3</setSpec>
            </header>
            <metadata>
                <oai_dc:dc xmlns:oai_dc="http://www.openarchives.org/OAI/2.0/oai_dc/" xmlns:doc="http://www.lyncode.com/xoai" xmlns:xsi="http://www.w3.org/2001/XMLSchema-instance" xmlns:dc="http://purl.org/dc/elements/1.1/" xsi:schemaLocation="http://www.openarchives.org/OAI/2.0/oai_dc/ http://www.openarchives.org/OAI/2.0/oai_dc.xsd">
                    <dc:title>La retracción del derecho a la educación en el marco de las restauraciones conservadoras : una mirada nuestroamericana</dc:title>
                    <dc:contributor>Gluz, Nora</dc:contributor>
                    <dc:contributor>Rodrigues, Cibele</dc:contributor>
                    <dc:contributor>Elías, Rodolfo</dc:contributor>
                    <dc:subject>Educación</dc:subject>
                    <dc:subject>Derecho a la educación</dc:subject>
                    <dc:subject>Educación universitaria</dc:subject>
                    <dc:subject>Violencia de género</dc:subject>
                    <dc:subject>Desigualdad sexual</dc:subject>
                    <dc:subject>Conservadurismo</dc:subject>
                    <dc:subject>Trabajo docente</dc:subject>
                    <dc:description>Los trabajos aquí presentados son parte de las producciones de los integrantes del Grupo de Trabajo de CLACSO Políticas Educativas y derecho a la educación, con el propósito de comprender la complejidad del escenario a través de estudios comparados, avanzando en la producción colectiva de conocimiento en el marco de las luchas políticas por un orden social más justo, acompañando con marcos analíticos renovados la&#xd;
                    comprensión de las nuevas dinámicas de producción y reproducción de desigualdades desde enfoques multidimensionales.</dc:description>
                    <dc:date>2022-02-02T19:22:56Z</dc:date>
                    <dc:date>2022-02-02T19:22:56Z</dc:date>
                    <dc:date>2021-10</dc:date>
                    <dc:type>info:eu-repo/semantics/book</dc:type>
                    <dc:type>info:ar-repo/semantics/libro</dc:type>
                    <dc:type>info:eu-repo/semantics/publishedVersion</dc:type>
                    <dc:identifier>978-987-813-015-6</dc:identifier>
                    <dc:identifier>https://biblioteca-repositorio.clacso.edu.ar/handle/CLACSO/16936</dc:identifier>
                    <dc:language>spa</dc:language>
                    <dc:relation>Grupos de Trabajo. Serie Políticas educativas y científicas</dc:relation>
                    <dc:rights>Attribution-NonCommercial-NoDerivatives 4.0 International</dc:rights>
                    <dc:rights>info:eu-repo/semantics/openAccess</dc:rights>
                    <dc:format>application/pdf</dc:format>
                    <dc:format>356 p.</dc:format>
                    <dc:format>application/pdf</dc:format>
                    <dc:publisher>CLACSO</dc:publisher>
                </oai_dc:dc>
            </metadata>
        </record>
    </GetRecord>
</OAI-PMH>
