<?xml version="1.0" encoding="UTF-8"?>
<?xml-stylesheet type="text/xsl" href="static/style.xsl"?>
<OAI-PMH xmlns="http://www.openarchives.org/OAI/2.0/" xmlns:xsi="http://www.w3.org/2001/XMLSchema-instance" xsi:schemaLocation="http://www.openarchives.org/OAI/2.0/ http://www.openarchives.org/OAI/2.0/OAI-PMH.xsd">
    <responseDate>2025-03-04T20:51:40Z</responseDate>
    <request verb="ListRecords" metadataPrefix="oai_dc" from="2025-01-01T00:00:00Z">http://library.oapen.org/oai/request</request>
    <ListRecords>
        <record>
            <header status="deleted">
                <identifier>oai:directory.doabooks.org:20.500.12854/54763</identifier>
                <datestamp>2023-12-20T18:40:34Z</datestamp>
                <setSpec>com_20.500.12854_5</setSpec>
                <setSpec>col_20.500.12854_6</setSpec>
            </header>
        </record>
    </ListRecords>
</OAI-PMH>