<?xml version="1.0" encoding="UTF-8"?>
<?xml-stylesheet type="text/xsl" href="static/style.xsl"?>
<OAI-PMH xmlns="http://www.openarchives.org/OAI/2.0/" xmlns:xsi="http://www.w3.org/2001/XMLSchema-instance" xsi:schemaLocation="http://www.openarchives.org/OAI/2.0/ http://www.openarchives.org/OAI/2.0/OAI-PMH.xsd">
    <responseDate>2025-02-05T19:43:23Z</responseDate>
    <request verb="GetRecord" identifier="oai:directory.doabooks.org:20.500.12854/62823" metadataPrefix="oai_dc">http://library.oapen.org/oai/request</request>
    <GetRecord>
        <record>
            <header>
                <identifier>oai:directory.doabooks.org:20.500.12854/62823</identifier>
                <datestamp>2022-01-31T19:40:09Z</datestamp>
                <setSpec>com_20.500.12854_5</setSpec>
                <setSpec>col_20.500.12854_6</setSpec>
            </header>
            <metadata>
                <oai_dc:dc xmlns:oai_dc="http://www.openarchives.org/OAI/2.0/oai_dc/" xmlns:doc="http://www.lyncode.com/xoai" xmlns:xsi="http://www.w3.org/2001/XMLSchema-instance" xmlns:datacite="https://schema.datacite.org/meta/kernel-4.1/metadata.xsd" xmlns:oaire="https://raw.githubusercontent.com/rcic/openaire4/master/schemas/4.0/oaire.xsd" xmlns:oapen="http://purl.org/dc/elements/1.1/" xmlns:publisher="http://purl.org/dc/elements/1.1/" xmlns:grantor="http://purl.org/dc/elements/1.1/" xmlns:dc="http://purl.org/dc/elements/1.1/" xsi:schemaLocation="http://www.openarchives.org/OAI/2.0/oai_dc/ http://www.openarchives.org/OAI/2.0/oai_dc.xsd">
                    <dc:title>A World of Nourishment</dc:title>
                    <dc:creator>Cinzia Pieruccini</dc:creator>
                    <dc:creator>Paola M. Rossi</dc:creator>
                    <dc:subject>PK1-9601</dc:subject>
                    <dc:description>Today as in the past, perhaps no other great culture of humankind is so markedly characterised by traditions in the field of nutrition as that of South Asia. In India food has served to express religious values, philosophical positions or material power, and between norms and narration Indian literature has dedicated ample space to the subject, presenting a broad range of diverse or variously aligned positions, and evidence of their evolution over time. This book provides a collection of essays on the subject, taking a broad and varied approach ranging chronologically from Vedic antiquity to the evidence of our own day, thus exposing, as in a sort of comprehensive outline, many of the tendencies, tensions and developments that have occurred within the framework of constant self-analysis and reflection.</dc:description>
                    <dc:date>2021-02-12T08:48:14Z</dc:date>
                    <dc:date>2021-02-12T08:48:14Z</dc:date>
                    <dc:date>2018-06-21 16:52:03</dc:date>
                    <dc:date type="Issued">2016</dc:date>
                    <oaire:resourceType>book</oaire:resourceType>
                    <dc:identifier>27052</dc:identifier>
                    <dc:alternateIdentifier type="ISBN">9788867055432</dc:alternateIdentifier>
                    <dc:identifier type="URL">https://directory.doabooks.org/handle/20.500.12854/62823</dc:identifier>
                    <dc:language>eng</dc:language>
                    <dc:relation>Consonanze</dc:relation>
                    <dc:format>image/jpeg</dc:format>
                    <oaire:licenseCondition uri="https://creativecommons.org/licenses/by-nc-sa/4.0/">
              Attribution-NonCommercial-ShareAlike 4.0 International
            </oaire:licenseCondition>
                    <dc:identifier>http://www.ledizioni.it/prodotto/c-pieruccini-p-rossi-a-cura-di-a-world-of-nourishment/</dc:identifier>
                    <dc:identifier>http://www.ledizioni.it/stag/wp-content/uploads/2018/06/World_Nour_web1.pdf</dc:identifier>
                    <dc:publisher>Ledizioni</dc:publisher>
                    <oapen:relationisPublishedBy>cb2a1db5-5754-4ab6-bb64-d635458e30c5</oapen:relationisPublishedBy>
                    <oapen:relationisbn>9788867055432</oapen:relationisbn>
                    <oapen:pages>352</oapen:pages>
                    <dc:rights uri="http://purl.org/coar/access_right/c_abf2">open access</dc:rights>
                </oai_dc:dc>
            </metadata>
        </record>
    </GetRecord>
</OAI-PMH>